<?xml version="1.0" encoding="UTF-8"?>
<!-- Generated by org.testng.reporters.JUnitReportReporter -->
<testsuite hostname="AbhishekD-iMac.local" name="com.coindcx.requirement.marketScreen.Market" tests="1" failures="0" timestamp="8 Aug 2021 06:19:45 GMT" time="91.978" errors="0">
  <testcase name="verifyingMarketDetails" time="91.978" classname="com.coindcx.requirement.marketScreen.Market"/>
</testsuite> <!-- com.coindcx.requirement.marketScreen.Market -->
